Build started 02/01/2016 1:42:36.
     1>Project "C:\Users\Guillermo\Desktop\URJC\Informatica Gráfica\Practica 4\Visual2013\P4GLSL\P4GLSL.vcxproj" on node 2 (Build target(s)).
     1>ClCompile:
         C:\Program Files (x86)\Microsoft Visual Studio 12.0\VC\bin\CL.exe /c /I..\libs\include\ /Zi /nologo /W3 /WX- /O2 /Oi /Oy- /GL /D WIN32 /D NDEBUG /D _CONSOLE /D _UNICODE /D UNICODE /Gm- /EHsc /MD /GS /Gy /fp:precise /Zc:wchar_t /Zc:forScope /Fo"Release\\" /Fd"Release\vc120.pdb" /Gd /TP /analyze- /errorReport:prompt scr\main.cpp
         main.cpp
     1>scr\main.cpp(43): warning C4305: 'initializing' : truncation from 'double' to 'float'
     1>scr\main.cpp(627): warning C4305: '+=' : truncation from 'double' to 'float'
     1>scr\main.cpp(633): warning C4305: '-=' : truncation from 'double' to 'float'
     1>scr\main.cpp(639): warning C4305: '+=' : truncation from 'double' to 'float'
     1>scr\main.cpp(645): warning C4305: '-=' : truncation from 'double' to 'float'
     1>scr\main.cpp(651): warning C4305: '+=' : truncation from 'double' to 'float'
     1>scr\main.cpp(657): warning C4305: '-=' : truncation from 'double' to 'float'
     1>scr\main.cpp(663): warning C4305: '+=' : truncation from 'double' to 'float'
     1>scr\main.cpp(669): warning C4305: '-=' : truncation from 'double' to 'float'
     1>scr\main.cpp(676): warning C4305: '+=' : truncation from 'double' to 'float'
     1>scr\main.cpp(680): warning C4305: '-=' : truncation from 'double' to 'float'
     1>scr\main.cpp(685): warning C4305: '+=' : truncation from 'double' to 'float'
     1>scr\main.cpp(691): warning C4305: '-=' : truncation from 'double' to 'float'
       Link:
         C:\Program Files (x86)\Microsoft Visual Studio 12.0\VC\bin\link.exe /ERRORREPORT:PROMPT /OUT:"C:\Users\Guillermo\Desktop\URJC\Informatica Gráfica\Practica 4\Visual2013\P4GLSL\Release\P4GLSL.exe" /INCREMENTAL:NO /NOLOGO /LIBPATH:..\libs\lib FreeImage.lib freeglut.lib glew32.lib opengl32.lib kernel32.lib user32.lib gdi32.lib winspool.lib comdlg32.lib advapi32.lib shell32.lib ole32.lib oleaut32.lib uuid.lib odbc32.lib odbccp32.lib /MANIFEST /MANIFESTUAC:"level='asInvoker' uiAccess='false'" /manifest:embed /DEBUG /PDB:"C:\Users\Guillermo\Desktop\URJC\Informatica Gráfica\Practica 4\Visual2013\P4GLSL\Release\P4GLSL.pdb" /SUBSYSTEM:CONSOLE /OPT:REF /OPT:ICF /LTCG /TLBID:1 /DYNAMICBASE /NXCOMPAT /IMPLIB:"C:\Users\Guillermo\Desktop\URJC\Informatica Gráfica\Practica 4\Visual2013\P4GLSL\Release\P4GLSL.lib" /MACHINE:X86 /SAFESEH Release\auxiliar.obj
         Release\main.obj
         Generating code
         Finished generating code
         P4GLSL.vcxproj -> C:\Users\Guillermo\Desktop\URJC\Informatica Gráfica\Practica 4\Visual2013\P4GLSL\Release\P4GLSL.exe
     1>Done Building Project "C:\Users\Guillermo\Desktop\URJC\Informatica Gráfica\Practica 4\Visual2013\P4GLSL\P4GLSL.vcxproj" (Build target(s)).

Build succeeded.

Time Elapsed 00:00:01.83
